<?xml version="1.0" encoding="UTF-8"?>
<!-- Generated by org.testng.reporters.JUnitReportReporter -->
<testsuite skipped="0" hostname="DESKTOP-VIOU2IR" name="javaJava.DatePickerTest" tests="1" failures="0" timestamp="03 lis 2017 12:26:53 GMT" time="19.639" errors="0">
  <testcase name="selectData" time="19.639" classname="javaJava.DatePickerTest"/>
</testsuite> <!-- javaJava.DatePickerTest -->
